Log file open, 05/05/19 16:47:05
LogWindows: Failed to load 'aqProf.dll' (GetLastError=126)
LogWindows: File 'aqProf.dll' does not exist
LogWindows: Failed to load 'VtuneApi.dll' (GetLastError=126)
LogWindows: File 'VtuneApi.dll' does not exist
LogWindows: Failed to load 'VtuneApi32e.dll' (GetLastError=126)
LogWindows: File 'VtuneApi32e.dll' does not exist
LogConsoleResponse: Display: Failed to find resolution value strings in scalability ini. Falling back to default.
LogInit: Display: Running engine for game: Nautilus
LogPakFile: Registered encryption key '00000000000000000000000000000000': 0 pak files mounted, 0 remain pending
LogPlatformFile: Not using cached read wrapper
LogTaskGraph: Started task graph with 5 named threads and 11 total threads with 3 sets of task threads.
LogStats: Stats thread started at 0.220480
LogD3D11RHI: Loaded GFSDK_Aftermath_Lib.x64.dll
LogICUInternationalization: ICU TimeZone Detection - Raw Offset: -5:00, Platform Override: ''
LogPluginManager: Mounting plugin Paper2D
LogPluginManager: Mounting plugin AISupport
LogPluginManager: Mounting plugin LightPropagationVolume
LogPluginManager: Mounting plugin ActorLayerUtilities
LogPluginManager: Mounting plugin AnimationSharing
LogPluginManager: Mounting plugin CLionSourceCodeAccess
LogPluginManager: Mounting plugin CodeLiteSourceCodeAccess
LogPluginManager: Mounting plugin GitSourceControl
LogPluginManager: Mounting plugin KDevelopSourceCodeAccess
LogPluginManager: Mounting plugin NullSourceCodeAccess
LogPluginManager: Mounting plugin PerforceSourceControl
LogPluginManager: Mounting plugin SubversionSourceControl
LogPluginManager: Mounting plugin UObjectPlugin
LogPluginManager: Mounting plugin VisualStudioCodeSourceCodeAccess
LogPluginManager: Mounting plugin VisualStudioSourceCodeAccess
LogPluginManager: Mounting plugin XCodeSourceCodeAccess
LogPluginManager: Mounting plugin AssetManagerEditor
LogPluginManager: Mounting plugin CryptoKeys
LogPluginManager: Mounting plugin DataValidation
LogPluginManager: Mounting plugin FacialAnimation
LogPluginManager: Mounting plugin GameplayTagsEditor
LogPluginManager: Mounting plugin MacGraphicsSwitching
LogPluginManager: Mounting plugin MaterialAnalyzer
LogPluginManager: Mounting plugin MobileLauncherProfileWizard
LogPluginManager: Mounting plugin PluginBrowser
LogPluginManager: Mounting plugin SpeedTreeImporter
LogPluginManager: Mounting plugin DatasmithContent
LogPluginManager: Mounting plugin VariantManagerContent
LogPluginManager: Mounting plugin AlembicImporter
LogPluginManager: Mounting plugin AppleImageUtils
LogPluginManager: Mounting plugin AppleVision
LogPluginManager: Mounting plugin BackChannel
LogPluginManager: Mounting plugin CharacterAI
LogPluginManager: Mounting plugin GeometryCache
LogPluginManager: Mounting plugin HTML5Networking
LogPluginManager: Mounting plugin ProxyLODPlugin
LogPluginManager: Mounting plugin SkeletalReduction
LogPluginManager: Mounting plugin MagicLeap
LogPluginManager: Mounting plugin MagicLeapMedia
LogPluginManager: Mounting plugin AndroidMedia
LogPluginManager: Mounting plugin AvfMedia
LogPluginManager: Mounting plugin ImgMedia
LogPluginManager: Mounting plugin LinearTimecode
LogPluginManager: Mounting plugin MediaCompositing
LogPluginManager: Mounting plugin MediaPlayerEditor
LogPluginManager: Mounting plugin WebMMedia
LogPluginManager: Mounting plugin WmfMedia
LogPluginManager: Mounting plugin TcpMessaging
LogPluginManager: Mounting plugin UdpMessaging
LogPluginManager: Mounting plugin ActorSequence
LogPluginManager: Mounting plugin LevelSequenceEditor
LogPluginManager: Mounting plugin MatineeToLevelSequence
LogPluginManager: Mounting plugin NetcodeUnitTest
LogPluginManager: Mounting plugin NUTUnrealEngine4
LogPluginManager: Mounting plugin OnlineSubsystemGooglePlay
LogPluginManager: Mounting plugin OnlineSubsystemIOS
LogPluginManager: Mounting plugin OnlineSubsystem
LogPluginManager: Mounting plugin OnlineSubsystemNull
LogPluginManager: Mounting plugin OnlineSubsystemUtils
LogPluginManager: Mounting plugin LauncherChunkInstaller
LogPluginManager: Mounting plugin AndroidDeviceProfileSelector
LogPluginManager: Mounting plugin AndroidMoviePlayer
LogPluginManager: Mounting plugin AndroidPermission
LogPluginManager: Mounting plugin AppleMoviePlayer
LogPluginManager: Mounting plugin ArchVisCharacter
LogPluginManager: Mounting plugin AudioCapture
LogPluginManager: Mounting plugin CableComponent
LogPluginManager: Mounting plugin CustomMeshComponent
LogPluginManager: Mounting plugin EditableMesh
LogPluginManager: Mounting plugin ExampleDeviceProfileSelector
LogPluginManager: Mounting plugin Firebase
LogPluginManager: Mounting plugin GoogleCloudMessaging
LogPluginManager: Mounting plugin IOSDeviceProfileSelector
LogPluginManager: Mounting plugin LinuxDeviceProfileSelector
LogPluginManager: Mounting plugin LocationServicesBPLibrary
LogPluginManager: Mounting plugin MobilePatchingUtils
LogPluginManager: Mounting plugin OculusVR
LogPluginManager: Mounting plugin PhysXVehicles
LogPluginManager: Mounting plugin ProceduralMeshComponent
LogPluginManager: Mounting plugin RuntimePhysXCooking
LogPluginManager: Mounting plugin SignificanceManager
LogPluginManager: Mounting plugin SteamVR
LogPluginManager: Mounting plugin WebMMoviePlayer
LogPluginManager: Mounting plugin WindowsMoviePlayer
LogInit: Using libcurl 7.55.1-DEV
LogInit:  - built for x86_64-pc-win32
LogInit:  - supports SSL with OpenSSL/1.1.1
LogInit:  - supports HTTP deflate (compression) using libz 1.2.8
LogInit:  - other features:
LogInit:      CURL_VERSION_SSL
LogInit:      CURL_VERSION_LIBZ
LogInit:      CURL_VERSION_IPV6
LogInit:      CURL_VERSION_ASYNCHDNS
LogInit:      CURL_VERSION_LARGEFILE
LogInit:      CURL_VERSION_IDN
LogInit:  CurlRequestOptions (configurable via config and command line):
LogInit:  - bVerifyPeer = true  - Libcurl will verify peer certificate
LogInit:  - bUseHttpProxy = false  - Libcurl will NOT use HTTP proxy
LogInit:  - bDontReuseConnections = false  - Libcurl will reuse connections
LogInit:  - MaxHostConnections = 16  - Libcurl will limit the number of connections to a host
LogInit:  - LocalHostAddr = Default
LogInit:  - BufferSize = 65536
LogInit: WinSock: version 1.1 (2.2), MaxSocks=32767, MaxUdp=65467
LogInit: Build: ++UE4+Release-4.22-CL-6063286
LogInit: Engine Version: 4.22.1-6063286+++UE4+Release-4.22
LogInit: Compatible Engine Version: 4.22.0-5660361+++UE4+Release-4.22
LogInit: Net CL: 5660361
LogInit: OS: Windows 10 (Release 1803) (), CPU: AMD FX(tm)-4300 Quad-Core Processor            , GPU: Radeon(TM) RX 460 Graphics
LogInit: Compiled (64-bit): Apr 24 2019 04:36:48
LogInit: Compiled with Visual C++: 19.16.27025.01
LogInit: Build Configuration: Development
LogInit: Branch Name: ++UE4+Release-4.22
LogInit: Command Line: 
LogInit: Base Directory: C:/Program Files/Epic Games/UE_4.22/Engine/Binaries/Win64/
LogInit: Installed Engine Build: 1
LogDevObjectVersion: Number of dev versions registered: 23
LogDevObjectVersion:   Dev-Blueprints (B0D832E4-1F89-4F0D-ACCF-7EB736FD4AA2): 10
LogDevObjectVersion:   Dev-Build (E1C64328-A22C-4D53-A36C-8E866417BD8C): 0
LogDevObjectVersion:   Dev-Core (375EC13C-06E4-48FB-B500-84F0262A717E): 3
LogDevObjectVersion:   Dev-Editor (E4B068ED-F494-42E9-A231-DA0B2E46BB41): 30
LogDevObjectVersion:   Dev-Framework (CFFC743F-43B0-4480-9391-14DF171D2073): 35
LogDevObjectVersion:   Dev-Mobile (B02B49B5-BB20-44E9-A304-32B752E40360): 2
LogDevObjectVersion:   Dev-Networking (A4E4105C-59A1-49B5-A7C5-40C4547EDFEE): 0
LogDevObjectVersion:   Dev-Online (39C831C9-5AE6-47DC-9A44-9C173E1C8E7C): 0
LogDevObjectVersion:   Dev-Physics (78F01B33-EBEA-4F98-B9B4-84EACCB95AA2): 0
LogDevObjectVersion:   Dev-Platform (6631380F-2D4D-43E0-8009-CF276956A95A): 0
LogDevObjectVersion:   Dev-Rendering (12F88B9F-8875-4AFC-A67C-D90C383ABD29): 28
LogDevObjectVersion:   Dev-Sequencer (7B5AE74C-D270-4C10-A958-57980B212A5A): 11
LogDevObjectVersion:   Dev-VR (D7296918-1DD6-4BDD-9DE2-64A83CC13884): 2
LogDevObjectVersion:   Dev-LoadTimes (C2A15278-BFE7-4AFE-6C17-90FF531DF755): 1
LogDevObjectVersion:   Private-Geometry (6EACA3D4-40EC-4CC1-B786-8BED09428FC5): 3
LogDevObjectVersion:   Dev-AnimPhys (29E575DD-E0A3-4627-9D10-D276232CDCEA): 17
LogDevObjectVersion:   Dev-Anim (AF43A65D-7FD3-4947-9873-3E8ED9C1BB05): 2
LogDevObjectVersion:   Dev-ReflectionCapture (6B266CEC-1EC7-4B8F-A30B-E4D90942FC07): 1
LogDevObjectVersion:   Dev-Automation (0DF73D61-A23F-47EA-B727-89E90C41499A): 1
LogDevObjectVersion:   FortniteMain (601D1886-AC64-4F84-AA16-D3DE0DEAC7D6): 25
LogDevObjectVersion:   Dev-Enterprise (9DFFBCD6-494F-0158-E221-12823C92A888): 6
LogDevObjectVersion:   Dev-Niagara (F2AED0AC-9AFE-416F-8664-AA7FFA26D6FC): 1
LogDevObjectVersion:   Dev-Destruction (174F1F0B-B4C6-45A5-B13F-2EE8D0FB917D): 2
LogInit: Presizing for max 16777216 objects, including 0 objects not considered by GC, pre-allocating 0 bytes for permanent pool.
LogInit: Object subsystem initialized
LogConfig: Setting CVar [[con.DebugEarlyDefault:1]]
LogConfig: Setting CVar [[r.setres:1280x720]]
[2019.05.05-20.47.05:931][  0]LogConfig: Setting CVar [[r.VSync:0]]
[2019.05.05-20.47.05:931][  0]LogConfig: Setting CVar [[r.RHICmdBypass:0]]
[2019.05.05-20.47.05:931][  0]LogConfig: Applying CVar settings from Section [/Script/Engine.RendererSettings] File [C:/Users/Asa/Documents/Unreal Projects/Nautilus/Saved/Config/Windows/Engine.ini]
[2019.05.05-20.47.05:931][  0]LogConfig: Setting CVar [[r.GPUCrashDebugging:0]]
[2019.05.05-20.47.05:931][  0]LogConfig: Applying CVar settings from Section [/Script/Engine.RendererOverrideSettings] File [C:/Users/Asa/Documents/Unreal Projects/Nautilus/Saved/Config/Windows/Engine.ini]
[2019.05.05-20.47.05:931][  0]LogConfig: Applying CVar settings from Section [/Script/Engine.StreamingSettings] File [C:/Users/Asa/Documents/Unreal Projects/Nautilus/Saved/Config/Windows/Engine.ini]
[2019.05.05-20.47.05:931][  0]LogConfig: Setting CVar [[s.MinBulkDataSizeForAsyncLoading:131072]]
[2019.05.05-20.47.05:931][  0]LogConfig: Setting CVar [[s.AsyncLoadingThreadEnabled:0]]
[2019.05.05-20.47.05:931][  0]LogConfig: Setting CVar [[s.EventDrivenLoaderEnabled:1]]
[2019.05.05-20.47.05:931][  0]LogConfig: Setting CVar [[s.WarnIfTimeLimitExceeded:0]]
[2019.05.05-20.47.05:931][  0]LogConfig: Setting CVar [[s.TimeLimitExceededMultiplier:1.5]]
[2019.05.05-20.47.05:931][  0]LogConfig: Setting CVar [[s.TimeLimitExceededMinTime:0.005]]
[2019.05.05-20.47.05:931][  0]LogConfig: Setting CVar [[s.UseBackgroundLevelStreaming:1]]
[2019.05.05-20.47.05:931][  0]LogConfig: Setting CVar [[s.PriorityAsyncLoadingExtraTime:15.0]]
[2019.05.05-20.47.05:931][  0]LogConfig: Setting CVar [[s.LevelStreamingActorsUpdateTimeLimit:5.0]]
[2019.05.05-20.47.05:931][  0]LogConfig: Setting CVar [[s.PriorityLevelStreamingActorsUpdateExtraTime:5.0]]
[2019.05.05-20.47.05:931][  0]LogConfig: Setting CVar [[s.LevelStreamingComponentsRegistrationGranularity:10]]
[2019.05.05-20.47.05:931][  0]LogConfig: Setting CVar [[s.UnregisterComponentsTimeLimit:1.0]]
[2019.05.05-20.47.05:931][  0]LogConfig: Setting CVar [[s.LevelStreamingComponentsUnregistrationGranularity:5]]
[2019.05.05-20.47.05:931][  0]LogConfig: Applying CVar settings from Section [/Script/Engine.GarbageCollectionSettings] File [C:/Users/Asa/Documents/Unreal Projects/Nautilus/Saved/Config/Windows/Engine.ini]
[2019.05.05-20.47.05:931][  0]LogConfig: Setting CVar [[gc.MaxObjectsNotConsideredByGC:1]]
[2019.05.05-20.47.05:931][  0]LogConfig: Setting CVar [[gc.SizeOfPermanentObjectPool:0]]
[2019.05.05-20.47.05:931][  0]LogConfig: Setting CVar [[gc.FlushStreamingOnGC:0]]
[2019.05.05-20.47.05:931][  0]LogConfig: Setting CVar [[gc.NumRetriesBeforeForcingGC:10]]
[2019.05.05-20.47.05:931][  0]LogConfig: Setting CVar [[gc.AllowParallelGC:1]]
[2019.05.05-20.47.05:931][  0]LogConfig: Setting CVar [[gc.TimeBetweenPurgingPendingKillObjects:61.1]]
[2019.05.05-20.47.05:931][  0]LogConfig: Setting CVar [[gc.MaxObjectsInEditor:16777216]]
[2019.05.05-20.47.05:931][  0]LogConfig: Setting CVar [[gc.IncrementalBeginDestroyEnabled:1]]
[2019.05.05-20.47.05:931][  0]LogConfig: Setting CVar [[gc.CreateGCClusters:1]]
[2019.05.05-20.47.05:931][  0]LogConfig: Setting CVar [[gc.MinGCClusterSize:5]]
[2019.05.05-20.47.05:931][  0]LogConfig: Setting CVar [[gc.ActorClusteringEnabled:0]]
[2019.05.05-20.47.05:931][  0]LogConfig: Setting CVar [[gc.BlueprintClusteringEnabled:0]]
[2019.05.05-20.47.05:931][  0]LogConfig: Setting CVar [[gc.UseDisregardForGCOnDedicatedServers:0]]
[2019.05.05-20.47.05:931][  0]LogConfig: Applying CVar settings from Section [/Script/Engine.NetworkSettings] File [C:/Users/Asa/Documents/Unreal Projects/Nautilus/Saved/Config/Windows/Engine.ini]
[2019.05.05-20.47.05:931][  0]LogConfig: Applying CVar settings from Section [/Script/UnrealEd.CookerSettings] File [C:/Users/Asa/Documents/Unreal Projects/Nautilus/Saved/Config/Windows/Engine.ini]
[2019.05.05-20.47.05:938][  0]LogConfig: Applying CVar settings from Section [ViewDistanceQuality@3] File [C:/Users/Asa/Documents/Unreal Projects/Nautilus/Saved/Config/Windows/Scalability.ini]
[2019.05.05-20.47.05:938][  0]LogConfig: Setting CVar [[r.SkeletalMeshLODBias:0]]
[2019.05.05-20.47.05:938][  0]LogConfig: Setting CVar [[r.ViewDistanceScale:1.0]]
[2019.05.05-20.47.05:938][  0]LogConfig: Applying CVar settings from Section [AntiAliasingQuality@3] File [C:/Users/Asa/Documents/Unreal Projects/Nautilus/Saved/Config/Windows/Scalability.ini]
[2019.05.05-20.47.05:938][  0]LogConfig: Setting CVar [[r.PostProcessAAQuality:4]]
[2019.05.05-20.47.05:938][  0]LogConfig: Applying CVar settings from Section [ShadowQuality@3] File [C:/Users/Asa/Documents/Unreal Projects/Nautilus/Saved/Config/Windows/Scalability.ini]
[2019.05.05-20.47.05:938][  0]LogConfig: Setting CVar [[r.LightFunctionQuality:1]]
[2019.05.05-20.47.05:938][  0]LogConfig: Setting CVar [[r.ShadowQuality:5]]
[2019.05.05-20.47.05:938][  0]LogConfig: Setting CVar [[r.Shadow.CSM.MaxCascades:10]]
[2019.05.05-20.47.05:938][  0]LogConfig: Setting CVar [[r.Shadow.MaxResolution:2048]]
[2019.05.05-20.47.05:938][  0]LogConfig: Setting CVar [[r.Shadow.MaxCSMResolution:2048]]
[2019.05.05-20.47.05:938][  0]LogConfig: Setting CVar [[r.Shadow.RadiusThreshold:0.01]]
[2019.05.05-20.47.05:938][  0]LogConfig: Setting CVar [[r.Shadow.DistanceScale:1.0]]
[2019.05.05-20.47.05:938][  0]LogConfig: Setting CVar [[r.Shadow.CSM.TransitionScale:1.0]]
[2019.05.05-20.47.05:938][  0]LogConfig: Setting CVar [[r.Shadow.PreShadowResolutionFactor:1.0]]
[2019.05.05-20.47.05:938][  0]LogConfig: Setting CVar [[r.DistanceFieldShadowing:1]]
[2019.05.05-20.47.05:938][  0]LogConfig: Setting CVar [[r.DistanceFieldAO:1]]
[2019.05.05-20.47.05:938][  0]LogConfig: Setting CVar [[r.AOQuality:2]]
[2019.05.05-20.47.05:939][  0]LogConfig: Setting CVar [[r.VolumetricFog:1]]
[2019.05.05-20.47.05:939][  0]LogConfig: Setting CVar [[r.VolumetricFog.GridPixelSize:8]]
[2019.05.05-20.47.05:939][  0]LogConfig: Setting CVar [[r.VolumetricFog.GridSizeZ:128]]
[2019.05.05-20.47.05:939][  0]LogConfig: Setting CVar [[r.VolumetricFog.HistoryMissSupersampleCount:4]]
[2019.05.05-20.47.05:939][  0]LogConfig: Setting CVar [[r.LightMaxDrawDistanceScale:1]]
[2019.05.05-20.47.05:939][  0]LogConfig: Setting CVar [[r.CapsuleShadows:1]]
[2019.05.05-20.47.05:939][  0]LogConfig: Applying CVar settings from Section [PostProcessQuality@3] File [C:/Users/Asa/Documents/Unreal Projects/Nautilus/Saved/Config/Windows/Scalability.ini]
[2019.05.05-20.47.05:939][  0]LogConfig: Setting CVar [[r.MotionBlurQuality:4]]
[2019.05.05-20.47.05:939][  0]LogConfig: Setting CVar [[r.AmbientOcclusionMipLevelFactor:0.4]]
[2019.05.05-20.47.05:939][  0]LogConfig: Setting CVar [[r.AmbientOcclusionMaxQuality:100]]
[2019.05.05-20.47.05:939][  0]LogConfig: Setting CVar [[r.AmbientOcclusionLevels:-1]]
[2019.05.05-20.47.05:939][  0]LogConfig: Setting CVar [[r.AmbientOcclusionRadiusScale:1.0]]
[2019.05.05-20.47.05:939][  0]LogConfig: Setting CVar [[r.DepthOfFieldQuality:2]]
[2019.05.05-20.47.05:939][  0]LogConfig: Setting CVar [[r.RenderTargetPoolMin:400]]
[2019.05.05-20.47.05:939][  0]LogConfig: Setting CVar [[r.LensFlareQuality:2]]
[2019.05.05-20.47.05:939][  0]LogConfig: Setting CVar [[r.SceneColorFringeQuality:1]]
[2019.05.05-20.47.05:939][  0]LogConfig: Setting CVar [[r.EyeAdaptationQuality:2]]
[2019.05.05-20.47.05:939][  0]LogConfig: Setting CVar [[r.BloomQuality:5]]
[2019.05.05-20.47.05:939][  0]LogConfig: Setting CVar [[r.FastBlurThreshold:100]]
[2019.05.05-20.47.05:939][  0]LogConfig: Setting CVar [[r.Upscale.Quality:3]]
[2019.05.05-20.47.05:939][  0]LogConfig: Setting CVar [[r.Tonemapper.GrainQuantization:1]]
[2019.05.05-20.47.05:939][  0]LogConfig: Setting CVar [[r.LightShaftQuality:1]]
[2019.05.05-20.47.05:939][  0]LogConfig: Setting CVar [[r.Filter.SizeScale:1]]
[2019.05.05-20.47.05:939][  0]LogConfig: Setting CVar [[r.Tonemapper.Quality:5]]
[2019.05.05-20.47.05:939][  0]LogConfig: Setting CVar [[r.DOF.Gather.AccumulatorQuality:1        ; higher gathering accumulator quality]]
[2019.05.05-20.47.05:939][  0]LogConfig: Setting CVar [[r.DOF.Gather.PostfilterMethod:1          ; Median3x3 postfilering method]]
[2019.05.05-20.47.05:939][  0]LogConfig: Setting CVar [[r.DOF.Gather.EnableBokehSettings:0       ; no bokeh simulation when gathering]]
[2019.05.05-20.47.05:939][  0]LogConfig: Setting CVar [[r.DOF.Gather.RingCount:4                 ; medium number of samples when gathering]]
[2019.05.05-20.47.05:939][  0]LogConfig: Setting CVar [[r.DOF.Scatter.ForegroundCompositing:1    ; additive foreground scattering]]
[2019.05.05-20.47.05:939][  0]LogConfig: Setting CVar [[r.DOF.Scatter.BackgroundCompositing:2    ; additive background scattering]]
[2019.05.05-20.47.05:939][  0]LogConfig: Setting CVar [[r.DOF.Scatter.EnableBokehSettings:1      ; bokeh simulation when scattering]]
[2019.05.05-20.47.05:939][  0]LogConfig: Setting CVar [[r.DOF.Scatter.MaxSpriteRatio:0.1         ; only a maximum of 10% of scattered bokeh]]
[2019.05.05-20.47.05:939][  0]LogConfig: Setting CVar [[r.DOF.Recombine.Quality:1                ; cheap slight out of focus]]
[2019.05.05-20.47.05:939][  0]LogConfig: Setting CVar [[r.DOF.Recombine.EnableBokehSettings:0    ; no bokeh simulation on slight out of focus]]
[2019.05.05-20.47.05:939][  0]LogConfig: Setting CVar [[r.DOF.TemporalAAQuality:1                ; more stable temporal accumulation]]
[2019.05.05-20.47.05:939][  0]LogConfig: Setting CVar [[r.DOF.Kernel.MaxForegroundRadius:0.025]]
[2019.05.05-20.47.05:939][  0]LogConfig: Setting CVar [[r.DOF.Kernel.MaxBackgroundRadius:0.025]]
[2019.05.05-20.47.05:939][  0]LogConfig: Applying CVar settings from Section [TextureQuality@3] File [C:/Users/Asa/Documents/Unreal Projects/Nautilus/Saved/Config/Windows/Scalability.ini]
[2019.05.05-20.47.05:939][  0]LogConfig: Setting CVar [[r.Streaming.MipBias:0]]
[2019.05.05-20.47.05:939][  0]LogConfig: Setting CVar [[r.Streaming.AmortizeCPUToGPUCopy:0]]
[2019.05.05-20.47.05:939][  0]LogConfig: Setting CVar [[r.Streaming.MaxNumTexturesToStreamPerFrame:0]]
[2019.05.05-20.47.05:939][  0]LogConfig: Setting CVar [[r.Streaming.Boost:1]]
[2019.05.05-20.47.05:939][  0]LogConfig: Setting CVar [[r.MaxAnisotropy:8]]
[2019.05.05-20.47.05:939][  0]LogConfig: Setting CVar [[r.Streaming.LimitPoolSizeToVRAM:0]]
[2019.05.05-20.47.05:940][  0]LogConfig: Setting CVar [[r.Streaming.PoolSize:1000]]
[2019.05.05-20.47.05:940][  0]LogConfig: Setting CVar [[r.Streaming.MaxEffectiveScreenSize:0]]
[2019.05.05-20.47.05:940][  0]LogConfig: Applying CVar settings from Section [EffectsQuality@3] File [C:/Users/Asa/Documents/Unreal Projects/Nautilus/Saved/Config/Windows/Scalability.ini]
[2019.05.05-20.47.05:940][  0]LogConfig: Setting CVar [[r.TranslucencyLightingVolumeDim:64]]
[2019.05.05-20.47.05:940][  0]LogConfig: Setting CVar [[r.RefractionQuality:2]]
[2019.05.05-20.47.05:940][  0]LogConfig: Setting CVar [[r.SSR.Quality:3]]
[2019.05.05-20.47.05:940][  0]LogConfig: Setting CVar [[r.SceneColorFormat:4]]
[2019.05.05-20.47.05:940][  0]LogConfig: Setting CVar [[r.DetailMode:2]]
[2019.05.05-20.47.05:940][  0]LogConfig: Setting CVar [[r.TranslucencyVolumeBlur:1]]
[2019.05.05-20.47.05:940][  0]LogConfig: Setting CVar [[r.MaterialQualityLevel:1 ; High quality]]
[2019.05.05-20.47.05:940][  0]LogConfig: Setting CVar [[r.SSS.Scale:1]]
[2019.05.05-20.47.05:940][  0]LogConfig: Setting CVar [[r.SSS.SampleSet:2]]
[2019.05.05-20.47.05:940][  0]LogConfig: Setting CVar [[r.SSS.Quality:1]]
[2019.05.05-20.47.05:940][  0]LogConfig: Setting CVar [[r.SSS.HalfRes:1]]
[2019.05.05-20.47.05:940][  0]LogConfig: Setting CVar [[r.EmitterSpawnRateScale:1.0]]
[2019.05.05-20.47.05:940][  0]LogConfig: Setting CVar [[r.ParticleLightQuality:2]]
[2019.05.05-20.47.05:940][  0]LogConfig: Applying CVar settings from Section [FoliageQuality@3] File [C:/Users/Asa/Documents/Unreal Projects/Nautilus/Saved/Config/Windows/Scalability.ini]
[2019.05.05-20.47.05:940][  0]LogConfig: Setting CVar [[foliage.DensityScale:1.0]]
[2019.05.05-20.47.05:940][  0]LogConfig: Setting CVar [[grass.DensityScale:1.0]]
[2019.05.05-20.47.05:940][  0]LogInit: Selected Device Profile: [Windows]
[2019.05.05-20.47.05:940][  0]LogInit: Applying CVar settings loaded from the selected device profile: [Windows]
[2019.05.05-20.47.05:963][  0]LogHAL: Display: Platform has ~ 16 GB [17135693824 / 17179869184 / 16], which maps to Larger [LargestMinGB=32, LargerMinGB=12, DefaultMinGB=8, SmallerMinGB=6, SmallestMinGB=0)
[2019.05.05-20.47.05:963][  0]LogConfig: Setting CVar [[r.Vulkan.UseRealUBs:0		; Required until we fix HLR fall-out]]
[2019.05.05-20.47.05:963][  0]LogInit: Going up to parent DeviceProfile []
[2019.05.05-20.47.05:963][  0]LogConfig: Applying CVar settings from Section [ViewDistanceQuality@3] File [C:/Users/Asa/Documents/Unreal Projects/Nautilus/Saved/Config/Windows/Scalability.ini]
[2019.05.05-20.47.05:963][  0]LogConfig: Setting CVar [[r.SkeletalMeshLODBias:0]]
[2019.05.05-20.47.05:963][  0]LogConfig: Setting CVar [[r.ViewDistanceScale:1.0]]
[2019.05.05-20.47.05:963][  0]LogConfig: Applying CVar settings from Section [AntiAliasingQuality@3] File [C:/Users/Asa/Documents/Unreal Projects/Nautilus/Saved/Config/Windows/Scalability.ini]
[2019.05.05-20.47.05:963][  0]LogConfig: Setting CVar [[r.PostProcessAAQuality:4]]
[2019.05.05-20.47.05:963][  0]LogConfig: Applying CVar settings from Section [ShadowQuality@3] File [C:/Users/Asa/Documents/Unreal Projects/Nautilus/Saved/Config/Windows/Scalability.ini]
[2019.05.05-20.47.05:963][  0]LogConfig: Setting CVar [[r.LightFunctionQuality:1]]
[2019.05.05-20.47.05:963][  0]LogConfig: Setting CVar [[r.ShadowQuality:5]]
[2019.05.05-20.47.05:963][  0]LogConfig: Setting CVar [[r.Shadow.CSM.MaxCascades:10]]
[2019.05.05-20.47.05:963][  0]LogConfig: Setting CVar [[r.Shadow.MaxResolution:2048]]
[2019.05.05-20.47.05:963][  0]LogConfig: Setting CVar [[r.Shadow.MaxCSMResolution:2048]]
[2019.05.05-20.47.05:963][  0]LogConfig: Setting CVar [[r.Shadow.RadiusThreshold:0.01]]
[2019.05.05-20.47.05:963][  0]LogConfig: Setting CVar [[r.Shadow.DistanceScale:1.0]]
[2019.05.05-20.47.05:963][  0]LogConfig: Setting CVar [[r.Shadow.CSM.TransitionScale:1.0]]
[2019.05.05-20.47.05:963][  0]LogConfig: Setting CVar [[r.Shadow.PreShadowResolutionFactor:1.0]]
[2019.05.05-20.47.05:963][  0]LogConfig: Setting CVar [[r.DistanceFieldShadowing:1]]
[2019.05.05-20.47.05:963][  0]LogConfig: Setting CVar [[r.DistanceFieldAO:1]]
[2019.05.05-20.47.05:963][  0]LogConfig: Setting CVar [[r.AOQuality:2]]
[2019.05.05-20.47.05:963][  0]LogConfig: Setting CVar [[r.VolumetricFog:1]]
[2019.05.05-20.47.05:963][  0]LogConfig: Setting CVar [[r.VolumetricFog.GridPixelSize:8]]
[2019.05.05-20.47.05:963][  0]LogConfig: Setting CVar [[r.VolumetricFog.GridSizeZ:128]]
[2019.05.05-20.47.05:963][  0]LogConfig: Setting CVar [[r.VolumetricFog.HistoryMissSupersampleCount:4]]
[2019.05.05-20.47.05:963][  0]LogConfig: Setting CVar [[r.LightMaxDrawDistanceScale:1]]
[2019.05.05-20.47.05:963][  0]LogConfig: Setting CVar [[r.CapsuleShadows:1]]
[2019.05.05-20.47.05:963][  0]LogConfig: Applying CVar settings from Section [PostProcessQuality@3] File [C:/Users/Asa/Documents/Unreal Projects/Nautilus/Saved/Config/Windows/Scalability.ini]
[2019.05.05-20.47.05:963][  0]LogConfig: Setting CVar [[r.MotionBlurQuality:4]]
[2019.05.05-20.47.05:963][  0]LogConfig: Setting CVar [[r.AmbientOcclusionMipLevelFactor:0.4]]
[2019.05.05-20.47.05:963][  0]LogConfig: Setting CVar [[r.AmbientOcclusionMaxQuality:100]]
[2019.05.05-20.47.05:964][  0]LogConfig: Setting CVar [[r.AmbientOcclusionLevels:-1]]
[2019.05.05-20.47.05:964][  0]LogConfig: Setting CVar [[r.AmbientOcclusionRadiusScale:1.0]]
[2019.05.05-20.47.05:964][  0]LogConfig: Setting CVar [[r.DepthOfFieldQuality:2]]
[2019.05.05-20.47.05:964][  0]LogConfig: Setting CVar [[r.RenderTargetPoolMin:400]]
[2019.05.05-20.47.05:964][  0]LogConfig: Setting CVar [[r.LensFlareQuality:2]]
[2019.05.05-20.47.05:964][  0]LogConfig: Setting CVar [[r.SceneColorFringeQuality:1]]
[2019.05.05-20.47.05:964][  0]LogConfig: Setting CVar [[r.EyeAdaptationQuality:2]]
[2019.05.05-20.47.05:964][  0]LogConfig: Setting CVar [[r.BloomQuality:5]]
[2019.05.05-20.47.05:964][  0]LogConfig: Setting CVar [[r.FastBlurThreshold:100]]
[2019.05.05-20.47.05:964][  0]LogConfig: Setting CVar [[r.Upscale.Quality:3]]
[2019.05.05-20.47.05:964][  0]LogConfig: Setting CVar [[r.Tonemapper.GrainQuantization:1]]
[2019.05.05-20.47.05:964][  0]LogConfig: Setting CVar [[r.LightShaftQuality:1]]
[2019.05.05-20.47.05:964][  0]LogConfig: Setting CVar [[r.Filter.SizeScale:1]]
[2019.05.05-20.47.05:964][  0]LogConfig: Setting CVar [[r.Tonemapper.Quality:5]]
[2019.05.05-20.47.05:964][  0]LogConfig: Setting CVar [[r.DOF.Gather.AccumulatorQuality:1        ; higher gathering accumulator quality]]
[2019.05.05-20.47.05:964][  0]LogConfig: Setting CVar [[r.DOF.Gather.PostfilterMethod:1          ; Median3x3 postfilering method]]
[2019.05.05-20.47.05:964][  0]LogConfig: Setting CVar [[r.DOF.Gather.EnableBokehSettings:0       ; no bokeh simulation when gathering]]
[2019.05.05-20.47.05:964][  0]LogConfig: Setting CVar [[r.DOF.Gather.RingCount:4                 ; medium number of samples when gathering]]
[2019.05.05-20.47.05:964][  0]LogConfig: Setting CVar [[r.DOF.Scatter.ForegroundCompositing:1    ; additive foreground scattering]]
[2019.05.05-20.47.05:964][  0]LogConfig: Setting CVar [[r.DOF.Scatter.BackgroundCompositing:2    ; additive background scattering]]
[2019.05.05-20.47.05:964][  0]LogConfig: Setting CVar [[r.DOF.Scatter.EnableBokehSettings:1      ; bokeh simulation when scattering]]
[2019.05.05-20.47.05:964][  0]LogConfig: Setting CVar [[r.DOF.Scatter.MaxSpriteRatio:0.1         ; only a maximum of 10% of scattered bokeh]]
[2019.05.05-20.47.05:964][  0]LogConfig: Setting CVar [[r.DOF.Recombine.Quality:1                ; cheap slight out of focus]]
[2019.05.05-20.47.05:964][  0]LogConfig: Setting CVar [[r.DOF.Recombine.EnableBokehSettings:0    ; no bokeh simulation on slight out of focus]]
[2019.05.05-20.47.05:964][  0]LogConfig: Setting CVar [[r.DOF.TemporalAAQuality:1                ; more stable temporal accumulation]]
[2019.05.05-20.47.05:964][  0]LogConfig: Setting CVar [[r.DOF.Kernel.MaxForegroundRadius:0.025]]
[2019.05.05-20.47.05:964][  0]LogConfig: Setting CVar [[r.DOF.Kernel.MaxBackgroundRadius:0.025]]
[2019.05.05-20.47.05:964][  0]LogConfig: Applying CVar settings from Section [TextureQuality@3] File [C:/Users/Asa/Documents/Unreal Projects/Nautilus/Saved/Config/Windows/Scalability.ini]
[2019.05.05-20.47.05:964][  0]LogConfig: Setting CVar [[r.Streaming.MipBias:0]]
[2019.05.05-20.47.05:964][  0]LogConfig: Setting CVar [[r.Streaming.AmortizeCPUToGPUCopy:0]]
[2019.05.05-20.47.05:964][  0]LogConfig: Setting CVar [[r.Streaming.MaxNumTexturesToStreamPerFrame:0]]
[2019.05.05-20.47.05:964][  0]LogConfig: Setting CVar [[r.Streaming.Boost:1]]
[2019.05.05-20.47.05:964][  0]LogConfig: Setting CVar [[r.MaxAnisotropy:8]]
[2019.05.05-20.47.05:964][  0]LogConfig: Setting CVar [[r.Streaming.LimitPoolSizeToVRAM:0]]
[2019.05.05-20.47.05:964][  0]LogConfig: Setting CVar [[r.Streaming.PoolSize:1000]]
[2019.05.05-20.47.05:964][  0]LogConfig: Setting CVar [[r.Streaming.MaxEffectiveScreenSize:0]]
[2019.05.05-20.47.05:964][  0]LogConfig: Applying CVar settings from Section [EffectsQuality@3] File [C:/Users/Asa/Documents/Unreal Projects/Nautilus/Saved/Config/Windows/Scalability.ini]
[2019.05.05-20.47.05:964][  0]LogConfig: Setting CVar [[r.TranslucencyLightingVolumeDim:64]]
[2019.05.05-20.47.05:964][  0]LogConfig: Setting CVar [[r.RefractionQuality:2]]
[2019.05.05-20.47.05:964][  0]LogConfig: Setting CVar [[r.SSR.Quality:3]]
[2019.05.05-20.47.05:964][  0]LogConfig: Setting CVar [[r.SceneColorFormat:4]]
[2019.05.05-20.47.05:964][  0]LogConfig: Setting CVar [[r.DetailMode:2]]
[2019.05.05-20.47.05:964][  0]LogConfig: Setting CVar [[r.TranslucencyVolumeBlur:1]]
[2019.05.05-20.47.05:964][  0]LogConfig: Setting CVar [[r.MaterialQualityLevel:1 ; High quality]]
[2019.05.05-20.47.05:964][  0]LogConfig: Setting CVar [[r.SSS.Scale:1]]
[2019.05.05-20.47.05:964][  0]LogConfig: Setting CVar [[r.SSS.SampleSet:2]]
[2019.05.05-20.47.05:964][  0]LogConfig: Setting CVar [[r.SSS.Quality:1]]
[2019.05.05-20.47.05:964][  0]LogConfig: Setting CVar [[r.SSS.HalfRes:1]]
[2019.05.05-20.47.05:964][  0]LogConfig: Setting CVar [[r.EmitterSpawnRateScale:1.0]]
[2019.05.05-20.47.05:964][  0]LogConfig: Setting CVar [[r.ParticleLightQuality:2]]
[2019.05.05-20.47.05:964][  0]LogConfig: Applying CVar settings from Section [FoliageQuality@3] File [C:/Users/Asa/Documents/Unreal Projects/Nautilus/Saved/Config/Windows/Scalability.ini]
[2019.05.05-20.47.05:964][  0]LogConfig: Setting CVar [[foliage.DensityScale:1.0]]
[2019.05.05-20.47.05:964][  0]LogConfig: Setting CVar [[grass.DensityScale:1.0]]
[2019.05.05-20.47.05:964][  0]LogConfig: Applying CVar settings from Section [Startup] File [../../../Engine/Config/ConsoleVariables.ini]
[2019.05.05-20.47.05:965][  0]LogConfig: Setting CVar [[net.UseAdaptiveNetUpdateFrequency:0]]
[2019.05.05-20.47.05:965][  0]LogConfig: Setting CVar [[p.chaos.AllowCreatePhysxBodies:1]]
[2019.05.05-20.47.05:965][  0]LogConfig: Applying CVar settings from Section [ConsoleVariables] File [C:/Users/Asa/Documents/Unreal Projects/Nautilus/Saved/Config/Windows/Engine.ini]
[2019.05.05-20.47.05:965][  0]LogInit: Computer: DESKTOP-KNVV8AT
[2019.05.05-20.47.05:965][  0]LogInit: User: Asa
[2019.05.05-20.47.05:965][  0]LogInit: CPU Page size=4096, Cores=2
[2019.05.05-20.47.05:965][  0]LogInit: High frequency timer resolution =3.728238 MHz
[2019.05.05-20.47.05:966][  0]LogMemory: Memory total: Physical=16.0GB (16GB approx)
[2019.05.05-20.47.05:966][  0]LogMemory: Platform Memory Stats for Windows
[2019.05.05-20.47.05:966][  0]LogMemory: Process Physical Memory: 96.25 MB used, 96.25 MB peak
[2019.05.05-20.47.05:966][  0]LogMemory: Process Virtual Memory: 83.79 MB used, 83.79 MB peak
[2019.05.05-20.47.05:966][  0]LogMemory: Physical Memory: 6390.41 MB used,  9951.46 MB free, 16341.87 MB total
[2019.05.05-20.47.05:966][  0]LogMemory: Virtual Memory: 4637.83 MB used,  134213088.00 MB free, 134217728.00 MB total
[2019.05.05-20.47.05:999][  0]LogInit: Using OS detected language (en-US).
[2019.05.05-20.47.05:999][  0]LogInit: Using OS detected locale (en-US).
[2019.05.05-20.47.06:001][  0]LogTextLocalizationManager: No specific localization for 'en-US' exists, so the 'en' localization will be used.
[2019.05.05-20.47.06:282][  0]LogInit: Setting process to per monitor DPI aware
[2019.05.05-20.47.09:764][  0]LogSlate: New Slate User Created.  User Index 0, Is Virtual User: 0
[2019.05.05-20.47.09:764][  0]LogSlate: Slate User Registered.  User Index 0, Is Virtual User: 0
[2019.05.05-20.47.09:990][  0]LogHMD: Failed to initialize OpenVR with code 110
[2019.05.05-20.47.09:990][  0]LogD3D11RHI: D3D11 adapters:
[2019.05.05-20.47.10:779][  0]LogD3D11RHI:    0. 'Radeon(TM) RX 460 Graphics' (Feature Level 11_0)
[2019.05.05-20.47.10:779][  0]LogD3D11RHI:       2028/0/8170 MB DedicatedVideo/DedicatedSystem/SharedSystem, Outputs:1, VendorId:0x1002
[2019.05.05-20.47.10:781][  0]LogD3D11RHI:    1. 'Microsoft Basic Render Driver' (Feature Level 11_0)
[2019.05.05-20.47.10:781][  0]LogD3D11RHI:       0/0/8170 MB DedicatedVideo/DedicatedSystem/SharedSystem, Outputs:0, VendorId:0x1414
[2019.05.05-20.47.10:781][  0]LogD3D11RHI: Chosen D3D11 Adapter: 0
[2019.05.05-20.47.10:797][  0]LogD3D11RHI: Creating new Direct3DDevice
[2019.05.05-20.47.10:797][  0]LogD3D11RHI:     GPU DeviceId: 0x67ef (for the marketing name, search the web for "GPU Device Id")
[2019.05.05-20.47.10:797][  0]LogWindows: EnumDisplayDevices:
[2019.05.05-20.47.10:797][  0]LogWindows:    0. 'Radeon(TM) RX 460 Graphics' (P:1 D:1)
[2019.05.05-20.47.10:798][  0]LogWindows:    1. 'Radeon(TM) RX 460 Graphics' (P:0 D:0)
[2019.05.05-20.47.10:798][  0]LogWindows:    2. 'Radeon(TM) RX 460 Graphics' (P:0 D:0)
[2019.05.05-20.47.10:799][  0]LogWindows:    3. 'Radeon(TM) RX 460 Graphics' (P:0 D:0)
[2019.05.05-20.47.10:799][  0]LogWindows:    4. 'Radeon(TM) RX 460 Graphics' (P:0 D:0)
[2019.05.05-20.47.10:799][  0]LogWindows:    5. 'Radeon(TM) RX 460 Graphics' (P:0 D:0)
[2019.05.05-20.47.10:800][  0]LogWindows:    6. 'Radeon(TM) RX 460 Graphics' (P:0 D:0)
[2019.05.05-20.47.10:800][  0]LogWindows: DebugString: FoundDriverCount:7 
[2019.05.05-20.47.10:800][  0]LogD3D11RHI:     Adapter Name: Radeon(TM) RX 460 Graphics
[2019.05.05-20.47.10:800][  0]LogD3D11RHI:   Driver Version: Adrenalin 2019 19.4.1 (internal:25.20.15031.1000, unified:25.20.15031.1000)
[2019.05.05-20.47.10:800][  0]LogD3D11RHI:      Driver Date: 3-26-2019
[2019.05.05-20.47.10:800][  0]LogRHI: Texture pool is 1419 MB (70% of 2028 MB)
[2019.05.05-20.47.10:869][  0]LogD3D11RHI: Async texture creation enabled
[2019.05.05-20.47.10:875][  0]LogRendererCore: FGlobalReadBuffer::InitRHI
[2019.05.05-20.47.10:876][  0]LogRendererCore: FGlobalReadBuffer::InitRHI
[2019.05.05-20.47.10:876][  0]LogRendererCore: FGlobalReadBuffer::InitRHI
[2019.05.05-20.47.10:883][  0]LogD3D11RHI: GPU Timing Frequency: 25.000000 (Debug: 2 1)
[2019.05.05-20.47.11:445][  0]LogTemp: Display: Module 'AllDesktopTargetPlatform' loaded TargetPlatform 'AllDesktop'
[2019.05.05-20.47.11:469][  0]LogTemp: Display: Module 'MacClientTargetPlatform' loaded TargetPlatform 'MacClient'
[2019.05.05-20.47.11:495][  0]LogTemp: Display: Module 'MacNoEditorTargetPlatform' loaded TargetPlatform 'MacNoEditor'
[2019.05.05-20.47.11:520][  0]LogTemp: Display: Module 'MacServerTargetPlatform' loaded TargetPlatform 'MacServer'
[2019.05.05-20.47.11:546][  0]LogTemp: Display: Module 'MacTargetPlatform' loaded TargetPlatform 'Mac'
[2019.05.05-20.47.11:585][  0]LogTemp: Display: Module 'WindowsClientTargetPlatform' loaded TargetPlatform 'WindowsClient'
[2019.05.05-20.47.11:616][  0]LogTemp: Display: Module 'WindowsNoEditorTargetPlatform' loaded TargetPlatform 'WindowsNoEditor'
[2019.05.05-20.47.11:647][  0]LogTemp: Display: Module 'WindowsServerTargetPlatform' loaded TargetPlatform 'WindowsServer'
[2019.05.05-20.47.11:659][  0]LogTemp: Display: Module 'WindowsTargetPlatform' loaded TargetPlatform 'Windows'
[2019.05.05-20.47.11:817][  0]LogTemp: Display: Module 'AndroidTargetPlatform' loaded TargetPlatform 'Android'
[2019.05.05-20.47.11:817][  0]LogTemp: Display: Module 'AndroidTargetPlatform' loaded TargetPlatform 'Android_ASTC'
[2019.05.05-20.47.11:817][  0]LogTemp: Display: Module 'AndroidTargetPlatform' loaded TargetPlatform 'Android_ATC'
[2019.05.05-20.47.11:817][  0]LogTemp: Display: Module 'AndroidTargetPlatform' loaded TargetPlatform 'Android_DXT'
[2019.05.05-20.47.11:817][  0]LogTemp: Display: Module 'AndroidTargetPlatform' loaded TargetPlatform 'Android_ETC1'
[2019.05.05-20.47.11:817][  0]LogTemp: Display: Module 'AndroidTargetPlatform' loaded TargetPlatform 'Android_ETC1a'
[2019.05.05-20.47.11:817][  0]LogTemp: Display: Module 'AndroidTargetPlatform' loaded TargetPlatform 'Android_ETC2'
[2019.05.05-20.47.11:817][  0]LogTemp: Display: Module 'AndroidTargetPlatform' loaded TargetPlatform 'Android_PVRTC'
[2019.05.05-20.47.11:817][  0]LogTemp: Display: Module 'AndroidTargetPlatform' loaded TargetPlatform 'AndroidClient'
[2019.05.05-20.47.11:817][  0]LogTemp: Display: Module 'AndroidTargetPlatform' loaded TargetPlatform 'Android_ASTCClient'
[2019.05.05-20.47.11:817][  0]LogTemp: Display: Module 'AndroidTargetPlatform' loaded TargetPlatform 'Android_ATCClient'
[2019.05.05-20.47.11:817][  0]LogTemp: Display: Module 'AndroidTargetPlatform' loaded TargetPlatform 'Android_DXTClient'
[2019.05.05-20.47.11:817][  0]LogTemp: Display: Module 'AndroidTargetPlatform' loaded TargetPlatform 'Android_ETC1Client'
[2019.05.05-20.47.11:817][  0]LogTemp: Display: Module 'AndroidTargetPlatform' loaded TargetPlatform 'Android_ETC1aClient'
[2019.05.05-20.47.11:817][  0]LogTemp: Display: Module 'AndroidTargetPlatform' loaded TargetPlatform 'Android_ETC2Client'
[2019.05.05-20.47.11:817][  0]LogTemp: Display: Module 'AndroidTargetPlatform' loaded TargetPlatform 'Android_PVRTCClient'
[2019.05.05-20.47.11:817][  0]LogTemp: Display: Module 'AndroidTargetPlatform' loaded TargetPlatform 'Android_Multi'
[2019.05.05-20.47.11:817][  0]LogTemp: Display: Module 'AndroidTargetPlatform' loaded TargetPlatform 'Android_MultiClient'
[2019.05.05-20.47.11:820][  0]LogTemp: Display: Module 'HTML5TargetPlatform' loaded TargetPlatform 'HTML5'
[2019.05.05-20.47.11:916][  0]LogTemp: Display: Module 'IOSTargetPlatform' loaded TargetPlatform 'IOSClient'
[2019.05.05-20.47.11:916][  0]LogTemp: Display: Module 'IOSTargetPlatform' loaded TargetPlatform 'IOS'
[2019.05.05-20.47.11:970][  0]LogTemp: Display: Module 'TVOSTargetPlatform' loaded TargetPlatform 'TVOSClient'
[2019.05.05-20.47.11:970][  0]LogTemp: Display: Module 'TVOSTargetPlatform' loaded TargetPlatform 'TVOS'
[2019.05.05-20.47.12:001][  0]LogTemp: Display: Module 'LinuxClientTargetPlatform' loaded TargetPlatform 'LinuxClient'
[2019.05.05-20.47.12:028][  0]LogTemp: Display: Module 'LinuxNoEditorTargetPlatform' loaded TargetPlatform 'LinuxNoEditor'
[2019.05.05-20.47.12:052][  0]LogTemp: Display: Module 'LinuxServerTargetPlatform' loaded TargetPlatform 'LinuxServer'
[2019.05.05-20.47.12:079][  0]LogTemp: Display: Module 'LinuxTargetPlatform' loaded TargetPlatform 'Linux'
[2019.05.05-20.47.12:175][  0]LogTemp: Display: Module 'LuminTargetPlatform' loaded TargetPlatform 'Lumin'
[2019.05.05-20.47.12:176][  0]LogTemp: Display: Module 'LuminTargetPlatform' loaded TargetPlatform 'LuminClient'
[2019.05.05-20.47.12:176][  0]LogTargetPlatformManager: Display: Building Assets For Windows
[2019.05.05-20.47.12:195][  0]LogAudioDebug: Display: Lib vorbis DLL was dynamically loaded.
[2019.05.05-20.47.12:297][  0]LogShaderCompilers: Guid format shader working directory is -19 characters bigger than the processId version (../../../../../../Users/Asa/Documents/Unreal Projects/Nautilus/Intermediate/Shaders/WorkingDirectory/15480/).
[2019.05.05-20.47.12:297][  0]LogShaderCompilers: Cleaned the shader compiler working directory 'C:/Users/Asa/AppData/Local/Temp/UnrealShaderWorkingDir/EC5D977647618B6AAA8CC1AEB10C6477/'.
[2019.05.05-20.47.12:302][  0]LogXGEController: Cleaning working directory: C:/Users/Asa/AppData/Local/Temp/UnrealXGEWorkingDir/
[2019.05.05-20.47.12:302][  0]LogXGEController: Cannot use XGE Controller as Incredibuild is not installed on this machine.
[2019.05.05-20.47.12:303][  0]LogShaderCompilers: Cannot use XGE Shader Compiler as Incredibuild is not installed on this machine.
[2019.05.05-20.47.12:303][  0]LogShaderCompilers: Display: Using Local Shader Compiler.
[2019.05.05-20.47.14:330][  0]LogDerivedDataCache: Display: Max Cache Size: 512 MB
[2019.05.05-20.47.14:483][  0]LogDerivedDataCache: Loaded boot cache 0.15s 71MB C:/Users/Asa/AppData/Local/UnrealEngine/4.22/DerivedDataCache/Boot.ddc.
[2019.05.05-20.47.14:483][  0]LogDerivedDataCache: Display: Loaded Boot cache: C:/Users/Asa/AppData/Local/UnrealEngine/4.22/DerivedDataCache/Boot.ddc
[2019.05.05-20.47.14:484][  0]LogDerivedDataCache: FDerivedDataBackendGraph:  Pak pak cache file ../../../../../../Users/Asa/Documents/Unreal Projects/Nautilus/DerivedDataCache/DDC.ddp not found, will not use a pak cache.
[2019.05.05-20.47.14:484][  0]LogDerivedDataCache: Unable to find inner node Pak for hierarchical cache Hierarchy.
[2019.05.05-20.47.14:484][  0]LogDerivedDataCache: FDerivedDataBackendGraph:  CompressedPak pak cache file ../../../../../../Users/Asa/Documents/Unreal Projects/Nautilus/DerivedDataCache/Compressed.ddp not found, will not use a pak cache.
[2019.05.05-20.47.14:484][  0]LogDerivedDataCache: Unable to find inner node CompressedPak for hierarchical cache Hierarchy.
[2019.05.05-20.47.14:506][  0]LogDerivedDataCache: Display: Pak cache opened for reading ../../../Engine/DerivedDataCache/Compressed.ddp.
[2019.05.05-20.47.14:506][  0]LogDerivedDataCache: FDerivedDataBackendGraph:  EnterprisePak pak cache file ../../../Enterprise/DerivedDataCache/Compressed.ddp not found, will not use a pak cache.
[2019.05.05-20.47.14:506][  0]LogDerivedDataCache: Unable to find inner node EnterprisePak for hierarchical cache Hierarchy.
[2019.05.05-20.47.14:520][  0]LogDerivedDataCache: Using Local data cache path C:/Users/Asa/AppData/Local/UnrealEngine/Common/DerivedDataCache: Writable
[2019.05.05-20.47.14:520][  0]LogDerivedDataCache: Shared data cache path not found in *engine.ini, will not use an Shared cache.
[2019.05.05-20.47.14:520][  0]LogDerivedDataCache: Unable to find inner node Shared for hierarchical cache Hierarchy.
[2019.05.05-20.47.14:579][  0]LogMaterial: Verifying Global Shaders for PCD3D_SM5
[2019.05.05-20.47.14:581][  0]LogSlate: Using FreeType 2.6.0
[2019.05.05-20.47.14:581][  0]LogSlate: SlateFontServices - WITH_FREETYPE: 1, WITH_HARFBUZZ: 1
[2019.05.05-20.47.14:781][  0]LogAssetRegistry: FAssetRegistry took 0.1040 seconds to start up
[2019.05.05-20.47.15:601][  0]LogInit: Selected Device Profile: [Windows]
[2019.05.05-20.47.15:729][  0]LogMeshReduction: Using QuadricMeshReduction for automatic static mesh reduction
[2019.05.05-20.47.15:729][  0]LogMeshReduction: Using SimplygonMeshReduction for automatic skeletal mesh reduction
[2019.05.05-20.47.15:729][  0]LogMeshReduction: Using ProxyLODMeshReduction for automatic mesh merging
[2019.05.05-20.47.15:729][  0]LogMeshReduction: No distributed automatic mesh merging module available
[2019.05.05-20.47.15:729][  0]LogMeshMerging: No distributed automatic mesh merging module available
[2019.05.05-20.47.15:883][  0]LogNetVersion: Nautilus 1.0.0, NetCL: 5660361, EngineNetVer: 10, GameNetVer: 0 (Checksum: 2624505009)
[2019.05.05-20.47.16:492][  0]LogPackageLocalizationCache: Processed 10 localized package path(s) for 1 prioritized culture(s) in 0.074484 seconds
[2019.05.05-20.47.16:505][  0]LogUObjectArray: 42205 objects as part of root set at end of initial load.
[2019.05.05-20.47.16:505][  0]LogUObjectAllocator: 7325032 out of 0 bytes used by permanent object pool.
[2019.05.05-20.47.16:505][  0]LogUObjectArray: CloseDisregardForGC: 0/0 objects in disregard for GC pool
[2019.05.05-20.47.17:894][  0]LogTcpMessaging: Initializing TcpMessaging bridge
[2019.05.05-20.47.17:909][  0]LogUdpMessaging: Initializing bridge on interface 0.0.0.0:0 to multicast group 230.0.0.1:6666.
[2019.05.05-20.47.18:052][  0]SourceControl: Source control is disabled
[2019.05.05-20.47.18:579][  0]LogVSAccessor: Display: Unable to create Visual Studio setup instance: 80040154
[2019.05.05-20.47.18:580][  0]LogVSAccessor: Display: Unable to create Visual Studio setup instance: 80040154
[2019.05.05-20.47.18:689][  0]LogAndroidPermission: UAndroidPermissionCallbackProxy::GetInstance
[2019.05.05-20.47.18:856][  0]LogOcInput: OculusInput pre-init called
[2019.05.05-20.47.19:829][  0]LogEngine: Initializing Engine...
[2019.05.05-20.47.19:830][  0]LogHMD: Failed to initialize OpenVR with code 110
[2019.05.05-20.47.19:832][  0]LogStats: UGameplayTagsManager::InitializeManager -  0.000 s
[2019.05.05-20.47.20:167][  0]LogInit: Initializing FReadOnlyCVARCache
[2019.05.05-20.47.20:203][  0]LogAIModule: Creating AISystem for world Untitled
[2019.05.05-20.47.20:257][  0]LogInit: XAudio2 using 'Speakers (Realtek High Definition Audio)' : 2 channels at 48 kHz using 32 bits per sample (channel mask 0x3)
[2019.05.05-20.47.20:294][  0]LogInit: FAudioDevice initialized.
[2019.05.05-20.47.20:294][  0]LogNetVersion: Set ProjectVersion to 1.0.0.0. Version Checksum will be recalculated on next use.
[2019.05.05-20.47.25:866][  0]LogDerivedDataCache: Saved boot cache 5.57s 71MB C:/Users/Asa/AppData/Local/UnrealEngine/4.22/DerivedDataCache/Boot.ddc.
[2019.05.05-20.47.25:875][  0]LogInit: Texture streaming: Enabled
[2019.05.05-20.47.25:912][  0]LogEngineSessionManager: EngineSessionManager initialized
[2019.05.05-20.47.25:951][  0]LogInit: Transaction tracking system initialized
[2019.05.05-20.47.26:001][  0]BlueprintLog: New page: Editor Load
[2019.05.05-20.47.26:163][  0]LocalizationService: Localization service is disabled
[2019.05.05-20.47.26:363][  0]LogVSAccessor: Display: Unable to create Visual Studio setup instance: 80040154
[2019.05.05-20.47.26:363][  0]LogVSAccessor: Display: Unable to create Visual Studio setup instance: 80040154
[2019.05.05-20.47.26:627][  0]LogFileCache: Scanning file cache for directory 'C:/Users/Asa/Documents/Unreal Projects/Nautilus/Content/' took 0.02s
[2019.05.05-20.47.26:627][  0]LogCook: Display: Max memory allowance for cook 16384mb min free memory 0mb
[2019.05.05-20.47.26:627][  0]LogCook: Display: Mobile HDR setting 1
[2019.05.05-20.47.26:948][  0]Cmd: MAP LOAD FILE="../../../../../../Users/Asa/Documents/Unreal Projects/Nautilus/Content/FirstPersonBP/Maps/FirstPersonExampleMap.umap" TEMPLATE=0 SHOWPROGRESS=1 FEATURELEVEL=3
[2019.05.05-20.47.26:949][  0]LightingResults: New page: Lighting Build
[2019.05.05-20.47.26:955][  0]MapCheck: New page: Map Check
[2019.05.05-20.47.26:955][  0]LightingResults: New page: Lighting Build
[2019.05.05-20.47.27:010][  0]LogUObjectHash: Compacting FUObjectHashTables data took   3.15ms
[2019.05.05-20.47.27:514][  0]LogAIModule: Creating AISystem for world FirstPersonExampleMap
[2019.05.05-20.47.27:528][  0]LogEditorServer: Finished looking for orphan Actors (0.000 secs)
[2019.05.05-20.47.27:587][  0]LogUObjectHash: Compacting FUObjectHashTables data took   3.85ms
[2019.05.05-20.47.27:587][  0]Cmd: MAP CHECKDEP NOCLEARLOG
[2019.05.05-20.47.27:588][  0]MapCheck: Map check complete: 0 Error(s), 0 Warning(s), took 0.285ms to complete.
[2019.05.05-20.47.27:588][  0]LogFileHelpers: Loading map 'FirstPersonExampleMap' took 0.640
[2019.05.05-20.47.27:713][  0]LogSlate: Updating window title bar state: overlay mode, drag disabled, window buttons hidden, title bar hidden
[2019.05.05-20.47.27:727][  0]LogSlate: Updating window title bar state: overlay mode, drag disabled, window buttons hidden, title bar hidden
[2019.05.05-20.47.27:740][  0]LogSlate: Updating window title bar state: overlay mode, drag disabled, window buttons hidden, title bar hidden
[2019.05.05-20.47.27:753][  0]LogSlate: Updating window title bar state: overlay mode, drag disabled, window buttons hidden, title bar hidden
[2019.05.05-20.47.27:767][  0]LogCollectionManager: Loaded 0 collections in 0.005239 seconds
[2019.05.05-20.47.27:788][  0]LogFileCache: Scanning file cache for directory 'C:/Users/Asa/Documents/Unreal Projects/Nautilus/Saved/Collections/' took 0.01s
[2019.05.05-20.47.27:788][  0]LogFileCache: Scanning file cache for directory 'C:/Users/Asa/Documents/Unreal Projects/Nautilus/Content/Developers/Asa/Collections/' took 0.00s
[2019.05.05-20.47.27:788][  0]LogFileCache: Scanning file cache for directory 'C:/Users/Asa/Documents/Unreal Projects/Nautilus/Content/Collections/' took 0.00s
[2019.05.05-20.47.27:788][  0]LogCollectionManager: Rebuilt the GUID cache for 0 collections in 0.000001 seconds
[2019.05.05-20.47.27:807][  0]LogContentBrowser: Native class hierarchy populated in 0.0186 seconds. Added 2732 classes and 659 folders.
[2019.05.05-20.47.27:820][  0]LogContentBrowser: Native class hierarchy updated for 'WidgetCarousel' in 0.0004 seconds. Added 0 classes and 0 folders.
[2019.05.05-20.47.27:822][  0]LogPakFile: Registered encryption key '00000000000000000000000000000000': 0 pak files mounted, 0 remain pending
[2019.05.05-20.47.27:823][  0]LogPakFile: Registered encryption key '00000000000000000000000000000000': 0 pak files mounted, 0 remain pending
[2019.05.05-20.47.27:824][  0]LogPakFile: Registered encryption key '00000000000000000000000000000000': 0 pak files mounted, 0 remain pending
[2019.05.05-20.47.27:825][  0]LogPakFile: Registered encryption key '00000000000000000000000000000000': 0 pak files mounted, 0 remain pending
[2019.05.05-20.47.27:825][  0]LogPakFile: Registered encryption key '00000000000000000000000000000000': 0 pak files mounted, 0 remain pending
[2019.05.05-20.47.27:826][  0]LogPakFile: Registered encryption key '00000000000000000000000000000000': 0 pak files mounted, 0 remain pending
[2019.05.05-20.47.27:826][  0]LogPakFile: Registered encryption key '00000000000000000000000000000000': 0 pak files mounted, 0 remain pending
[2019.05.05-20.47.27:827][  0]LogPakFile: Registered encryption key '00000000000000000000000000000000': 0 pak files mounted, 0 remain pending
[2019.05.05-20.47.27:828][  0]LogPakFile: Registered encryption key '00000000000000000000000000000000': 0 pak files mounted, 0 remain pending
[2019.05.05-20.47.27:828][  0]LogPakFile: Registered encryption key '00000000000000000000000000000000': 0 pak files mounted, 0 remain pending
[2019.05.05-20.47.27:829][  0]LogPakFile: Registered encryption key '00000000000000000000000000000000': 0 pak files mounted, 0 remain pending
[2019.05.05-20.47.27:830][  0]LogPakFile: Registered encryption key '00000000000000000000000000000000': 0 pak files mounted, 0 remain pending
[2019.05.05-20.47.27:830][  0]LogPakFile: Registered encryption key '00000000000000000000000000000000': 0 pak files mounted, 0 remain pending
[2019.05.05-20.47.27:831][  0]LogPakFile: Registered encryption key '00000000000000000000000000000000': 0 pak files mounted, 0 remain pending
[2019.05.05-20.47.27:832][  0]LogPakFile: Registered encryption key '00000000000000000000000000000000': 0 pak files mounted, 0 remain pending
[2019.05.05-20.47.27:832][  0]LogPakFile: Registered encryption key '00000000000000000000000000000000': 0 pak files mounted, 0 remain pending
[2019.05.05-20.47.27:833][  0]LogPakFile: Registered encryption key '00000000000000000000000000000000': 0 pak files mounted, 0 remain pending
[2019.05.05-20.47.27:834][  0]LogPakFile: Registered encryption key '00000000000000000000000000000000': 0 pak files mounted, 0 remain pending
[2019.05.05-20.47.27:834][  0]LogPakFile: Registered encryption key '00000000000000000000000000000000': 0 pak files mounted, 0 remain pending
[2019.05.05-20.47.27:835][  0]LogPakFile: Registered encryption key '00000000000000000000000000000000': 0 pak files mounted, 0 remain pending
[2019.05.05-20.47.27:836][  0]LogPakFile: Registered encryption key '00000000000000000000000000000000': 0 pak files mounted, 0 remain pending
[2019.05.05-20.47.27:837][  0]LogPakFile: Registered encryption key '00000000000000000000000000000000': 0 pak files mounted, 0 remain pending
[2019.05.05-20.47.27:837][  0]LogPakFile: Registered encryption key '00000000000000000000000000000000': 0 pak files mounted, 0 remain pending
[2019.05.05-20.47.27:838][  0]LogPakFile: Registered encryption key '00000000000000000000000000000000': 0 pak files mounted, 0 remain pending
[2019.05.05-20.47.27:839][  0]LogPakFile: Registered encryption key '00000000000000000000000000000000': 0 pak files mounted, 0 remain pending
[2019.05.05-20.47.27:840][  0]LogPakFile: Registered encryption key '00000000000000000000000000000000': 0 pak files mounted, 0 remain pending
[2019.05.05-20.47.27:910][  0]LogContentBrowser: Native class hierarchy updated for 'AddContentDialog' in 0.0004 seconds. Added 0 classes and 0 folders.
[2019.05.05-20.47.27:921][  0]LogContentBrowser: Native class hierarchy updated for 'SceneOutliner' in 0.0004 seconds. Added 1 classes and 2 folders.
[2019.05.05-20.47.28:056][  0]LogSlate: Took 0.000189 seconds to synchronously load lazily loaded font '../../../Engine/Content/Slate/Fonts/Roboto-Regular.ttf' (155K)
[2019.05.05-20.47.28:058][  0]LogSlate: Took 0.000198 seconds to synchronously load lazily loaded font '../../../Engine/Content/Slate/Fonts/Roboto-Bold.ttf' (160K)
[2019.05.05-20.47.28:066][  0]LogSlate: Took 0.000245 seconds to synchronously load lazily loaded font '../../../Engine/Content/Editor/Slate/Fonts/FontAwesome.ttf' (139K)
[2019.05.05-20.47.28:170][  0]LogRenderer: Reallocating scene render targets to support 1056x560 Format 10 NumSamples 1 (Frame:1).
[2019.05.05-20.47.28:372][  0]LogContentBrowser: Native class hierarchy updated for 'HierarchicalLODOutliner' in 0.0004 seconds. Added 0 classes and 0 folders.
[2019.05.05-20.47.28:372][  0]LogLoad: (Engine Initialization) Total time: 25.66 seconds
[2019.05.05-20.47.28:372][  0]LogLoad: (Engine Initialization) Total Blueprint compile time: 0.00 seconds
[2019.05.05-20.47.28:384][  0]LogWindowsTextInputMethodSystem: Display: IME system now deactivated.
[2019.05.05-20.47.28:431][  0]LogAssetRegistry: Asset discovery search completed in 13.7212 seconds
[2019.05.05-20.47.28:435][  0]LogCollectionManager: Rebuilt the object cache for 0 collections in 0.000001 seconds (found 0 objects)
[2019.05.05-20.47.28:435][  0]LogCollectionManager: Fixed up redirectors for 0 collections in 0.000093 seconds (updated 0 objects)
[2019.05.05-20.47.28:436][  0]LogContentStreaming: Texture pool size now 1000 MB
[2019.05.05-20.47.28:467][  0]LogSlate: Took 0.000230 seconds to synchronously load lazily loaded font '../../../Engine/Content/Slate/Fonts/Roboto-Light.ttf' (167K)
[2019.05.05-20.47.29:404][ 92]LogSlate: Took 0.000238 seconds to synchronously load lazily loaded font '../../../Engine/Content/Slate/Fonts/Roboto-Light.ttf' (167K)
[2019.05.05-20.47.51:135][ 52]LogSlate: FSceneViewport::OnFocusLost() reason 0
[2019.05.05-20.47.51:229][ 63]LogTemp: Repeating last play command: Selected Viewport
[2019.05.05-20.47.51:243][ 63]LogBlueprintUserMessages: Early PlayInEditor Detection: Level '/Game/FirstPersonBP/Maps/FirstPersonExampleMap.FirstPersonExampleMap:PersistentLevel' has LevelScriptBlueprint '/Game/FirstPersonBP/Maps/FirstPersonExampleMap.FirstPersonExampleMap:PersistentLevel.FirstPersonExampleMap' with GeneratedClass '/Game/FirstPersonBP/Maps/FirstPersonExampleMap.FirstPersonExampleMap_C' with ClassGeneratedBy '/Game/FirstPersonBP/Maps/FirstPersonExampleMap.FirstPersonExampleMap:PersistentLevel.FirstPersonExampleMap'
[2019.05.05-20.47.51:243][ 63]LogPlayLevel: PlayLevel: No blueprints needed recompiling
[2019.05.05-20.47.51:244][ 63]PIE: New page: PIE session: FirstPersonExampleMap (May 5, 2019, 12:47:51 PM)
[2019.05.05-20.47.51:257][ 63]LogPlayLevel: Creating play world package: /Game/FirstPersonBP/Maps/UEDPIE_0_FirstPersonExampleMap
[2019.05.05-20.47.51:282][ 63]LogPlayLevel: PIE: StaticDuplicateObject took: (0.024748s)
[2019.05.05-20.47.51:283][ 63]LogAIModule: Creating AISystem for world FirstPersonExampleMap
[2019.05.05-20.47.51:283][ 63]LogPlayLevel: PIE: World Init took: (0.001405s)
[2019.05.05-20.47.51:284][ 63]LogPlayLevel: PIE: Created PIE world by copying editor world from /Game/FirstPersonBP/Maps/FirstPersonExampleMap.FirstPersonExampleMap to /Game/FirstPersonBP/Maps/UEDPIE_0_FirstPersonExampleMap.FirstPersonExampleMap (0.026724s)
[2019.05.05-20.47.51:327][ 63]LogUObjectHash: Compacting FUObjectHashTables data took   2.55ms
[2019.05.05-20.47.51:365][ 63]LogInit: XAudio2 using 'Speakers (Realtek High Definition Audio)' : 2 channels at 48 kHz using 32 bits per sample (channel mask 0x3)
[2019.05.05-20.47.51:388][ 63]LogInit: FAudioDevice initialized.
[2019.05.05-20.47.51:434][ 63]LogLoad: Game class is 'FirstPersonGameMode_C'
[2019.05.05-20.47.51:438][ 63]LogWorld: Bringing World /Game/FirstPersonBP/Maps/UEDPIE_0_FirstPersonExampleMap.FirstPersonExampleMap up for play (max tick rate 0) at 2019.05.05-16.47.51
[2019.05.05-20.47.51:439][ 63]LogWorld: Bringing up level for play took: 0.003282
[2019.05.05-20.47.51:462][ 63]LogContentBrowser: Native class hierarchy updated for 'MovieSceneCapture' in 0.0005 seconds. Added 20 classes and 0 folders.
[2019.05.05-20.47.51:463][ 63]PIE: Play in editor start time for /Game/FirstPersonBP/Maps/UEDPIE_0_FirstPersonExampleMap 1.097
[2019.05.05-20.47.51:463][ 63]LogBlueprintUserMessages: Late PlayInEditor Detection: Level '/Game/FirstPersonBP/Maps/FirstPersonExampleMap.FirstPersonExampleMap:PersistentLevel' has LevelScriptBlueprint '/Game/FirstPersonBP/Maps/FirstPersonExampleMap.FirstPersonExampleMap:PersistentLevel.FirstPersonExampleMap' with GeneratedClass '/Game/FirstPersonBP/Maps/FirstPersonExampleMap.FirstPersonExampleMap_C' with ClassGeneratedBy '/Game/FirstPersonBP/Maps/FirstPersonExampleMap.FirstPersonExampleMap:PersistentLevel.FirstPersonExampleMap'
[2019.05.05-20.48.34:763][222]LogCharacter: FirstPersonCharacter_C_1 is trying to crouch, but crouching is disabled on this character! (check CharacterMovement NavAgentSettings)
[2019.05.05-20.48.35:446][291]LogCharacter: FirstPersonCharacter_C_1 is trying to crouch, but crouching is disabled on this character! (check CharacterMovement NavAgentSettings)
[2019.05.05-20.48.35:899][337]LogCharacter: FirstPersonCharacter_C_1 is trying to crouch, but crouching is disabled on this character! (check CharacterMovement NavAgentSettings)
[2019.05.05-20.48.36:553][401]LogCharacter: FirstPersonCharacter_C_1 is trying to crouch, but crouching is disabled on this character! (check CharacterMovement NavAgentSettings)
[2019.05.05-20.48.37:105][453]LogCharacter: FirstPersonCharacter_C_1 is trying to crouch, but crouching is disabled on this character! (check CharacterMovement NavAgentSettings)
[2019.05.05-20.48.37:429][485]LogCharacter: FirstPersonCharacter_C_1 is trying to crouch, but crouching is disabled on this character! (check CharacterMovement NavAgentSettings)
[2019.05.05-20.48.37:681][511]LogCharacter: FirstPersonCharacter_C_1 is trying to crouch, but crouching is disabled on this character! (check CharacterMovement NavAgentSettings)
[2019.05.05-20.49.06:327][411]LogBlueprintUserMessages: Early EndPlayMap Detection: Level '/Game/FirstPersonBP/Maps/FirstPersonExampleMap.FirstPersonExampleMap:PersistentLevel' has LevelScriptBlueprint '/Game/FirstPersonBP/Maps/FirstPersonExampleMap.FirstPersonExampleMap:PersistentLevel.FirstPersonExampleMap' with GeneratedClass '/Game/FirstPersonBP/Maps/FirstPersonExampleMap.FirstPersonExampleMap_C' with ClassGeneratedBy '/Game/FirstPersonBP/Maps/FirstPersonExampleMap.FirstPersonExampleMap:PersistentLevel.FirstPersonExampleMap'
[2019.05.05-20.49.06:327][411]LogSlate: Updating window title bar state: overlay mode, drag disabled, window buttons hidden, title bar hidden
[2019.05.05-20.49.06:364][411]LogPlayLevel: Display: Shutting down PIE online subsystems
[2019.05.05-20.49.06:364][411]LogBlueprintUserMessages: Late EndPlayMap Detection: Level '/Game/FirstPersonBP/Maps/FirstPersonExampleMap.FirstPersonExampleMap:PersistentLevel' has LevelScriptBlueprint '/Game/FirstPersonBP/Maps/FirstPersonExampleMap.FirstPersonExampleMap:PersistentLevel.FirstPersonExampleMap' with GeneratedClass '/Game/FirstPersonBP/Maps/FirstPersonExampleMap.FirstPersonExampleMap_C' with ClassGeneratedBy '/Game/FirstPersonBP/Maps/FirstPersonExampleMap.FirstPersonExampleMap:PersistentLevel.FirstPersonExampleMap'
[2019.05.05-20.49.06:411][411]LogSlate: Updating window title bar state: overlay mode, drag disabled, window buttons hidden, title bar hidden
[2019.05.05-20.49.06:416][411]LogUObjectHash: Compacting FUObjectHashTables data took   2.62ms
[2019.05.05-20.49.06:443][412]LogPlayLevel: Display: Destroying online subsystem :Context_1
[2019.05.05-20.49.08:295][592]LogSlate: FSceneViewport::OnFocusLost() reason 0
[2019.05.05-20.49.08:346][597]LogTemp: Repeating last play command: Selected Viewport
[2019.05.05-20.49.08:360][597]LogBlueprintUserMessages: Early PlayInEditor Detection: Level '/Game/FirstPersonBP/Maps/FirstPersonExampleMap.FirstPersonExampleMap:PersistentLevel' has LevelScriptBlueprint '/Game/FirstPersonBP/Maps/FirstPersonExampleMap.FirstPersonExampleMap:PersistentLevel.FirstPersonExampleMap' with GeneratedClass '/Game/FirstPersonBP/Maps/FirstPersonExampleMap.FirstPersonExampleMap_C' with ClassGeneratedBy '/Game/FirstPersonBP/Maps/FirstPersonExampleMap.FirstPersonExampleMap:PersistentLevel.FirstPersonExampleMap'
[2019.05.05-20.49.08:360][597]LogPlayLevel: PlayLevel: No blueprints needed recompiling
[2019.05.05-20.49.08:360][597]PIE: New page: PIE session: FirstPersonExampleMap (May 5, 2019, 12:49:08 PM)
[2019.05.05-20.49.08:360][597]LogPlayLevel: Creating play world package: /Game/FirstPersonBP/Maps/UEDPIE_0_FirstPersonExampleMap
[2019.05.05-20.49.08:380][597]LogPlayLevel: PIE: StaticDuplicateObject took: (0.019939s)
[2019.05.05-20.49.08:381][597]LogAIModule: Creating AISystem for world FirstPersonExampleMap
[2019.05.05-20.49.08:382][597]LogPlayLevel: PIE: World Init took: (0.001252s)
[2019.05.05-20.49.08:382][597]LogPlayLevel: PIE: Created PIE world by copying editor world from /Game/FirstPersonBP/Maps/FirstPersonExampleMap.FirstPersonExampleMap to /Game/FirstPersonBP/Maps/UEDPIE_0_FirstPersonExampleMap.FirstPersonExampleMap (0.021415s)
[2019.05.05-20.49.08:422][597]LogUObjectHash: Compacting FUObjectHashTables data took   1.85ms
[2019.05.05-20.49.08:459][597]LogInit: XAudio2 using 'Speakers (Realtek High Definition Audio)' : 2 channels at 48 kHz using 32 bits per sample (channel mask 0x3)
[2019.05.05-20.49.08:480][597]LogInit: FAudioDevice initialized.
[2019.05.05-20.49.08:512][597]LogLoad: Game class is 'FirstPersonGameMode_C'
[2019.05.05-20.49.08:515][597]LogWorld: Bringing World /Game/FirstPersonBP/Maps/UEDPIE_0_FirstPersonExampleMap.FirstPersonExampleMap up for play (max tick rate 0) at 2019.05.05-16.49.08
[2019.05.05-20.49.08:516][597]LogWorld: Bringing up level for play took: 0.002641
[2019.05.05-20.49.08:529][597]PIE: Play in editor start time for /Game/FirstPersonBP/Maps/UEDPIE_0_FirstPersonExampleMap 0.163
[2019.05.05-20.49.08:529][597]LogBlueprintUserMessages: Late PlayInEditor Detection: Level '/Game/FirstPersonBP/Maps/FirstPersonExampleMap.FirstPersonExampleMap:PersistentLevel' has LevelScriptBlueprint '/Game/FirstPersonBP/Maps/FirstPersonExampleMap.FirstPersonExampleMap:PersistentLevel.FirstPersonExampleMap' with GeneratedClass '/Game/FirstPersonBP/Maps/FirstPersonExampleMap.FirstPersonExampleMap_C' with ClassGeneratedBy '/Game/FirstPersonBP/Maps/FirstPersonExampleMap.FirstPersonExampleMap:PersistentLevel.FirstPersonExampleMap'
[2019.05.05-20.49.27:131][534]LogBlueprintUserMessages: Early EndPlayMap Detection: Level '/Game/FirstPersonBP/Maps/FirstPersonExampleMap.FirstPersonExampleMap:PersistentLevel' has LevelScriptBlueprint '/Game/FirstPersonBP/Maps/FirstPersonExampleMap.FirstPersonExampleMap:PersistentLevel.FirstPersonExampleMap' with GeneratedClass '/Game/FirstPersonBP/Maps/FirstPersonExampleMap.FirstPersonExampleMap_C' with ClassGeneratedBy '/Game/FirstPersonBP/Maps/FirstPersonExampleMap.FirstPersonExampleMap:PersistentLevel.FirstPersonExampleMap'
[2019.05.05-20.49.27:131][534]LogSlate: Updating window title bar state: overlay mode, drag disabled, window buttons hidden, title bar hidden
[2019.05.05-20.49.27:168][534]LogPlayLevel: Display: Shutting down PIE online subsystems
[2019.05.05-20.49.27:168][534]LogBlueprintUserMessages: Late EndPlayMap Detection: Level '/Game/FirstPersonBP/Maps/FirstPersonExampleMap.FirstPersonExampleMap:PersistentLevel' has LevelScriptBlueprint '/Game/FirstPersonBP/Maps/FirstPersonExampleMap.FirstPersonExampleMap:PersistentLevel.FirstPersonExampleMap' with GeneratedClass '/Game/FirstPersonBP/Maps/FirstPersonExampleMap.FirstPersonExampleMap_C' with ClassGeneratedBy '/Game/FirstPersonBP/Maps/FirstPersonExampleMap.FirstPersonExampleMap:PersistentLevel.FirstPersonExampleMap'
[2019.05.05-20.49.27:219][534]LogSlate: Updating window title bar state: overlay mode, drag disabled, window buttons hidden, title bar hidden
[2019.05.05-20.49.27:224][534]LogUObjectHash: Compacting FUObjectHashTables data took   1.98ms
[2019.05.05-20.49.27:251][535]LogPlayLevel: Display: Destroying online subsystem :Context_2
[2019.05.05-20.49.28:302][640]LogSlate: FSceneViewport::OnFocusLost() reason 0
[2019.05.05-20.49.28:352][645]LogTemp: Repeating last play command: Selected Viewport
[2019.05.05-20.49.28:366][645]LogBlueprintUserMessages: Early PlayInEditor Detection: Level '/Game/FirstPersonBP/Maps/FirstPersonExampleMap.FirstPersonExampleMap:PersistentLevel' has LevelScriptBlueprint '/Game/FirstPersonBP/Maps/FirstPersonExampleMap.FirstPersonExampleMap:PersistentLevel.FirstPersonExampleMap' with GeneratedClass '/Game/FirstPersonBP/Maps/FirstPersonExampleMap.FirstPersonExampleMap_C' with ClassGeneratedBy '/Game/FirstPersonBP/Maps/FirstPersonExampleMap.FirstPersonExampleMap:PersistentLevel.FirstPersonExampleMap'
[2019.05.05-20.49.28:367][645]LogPlayLevel: PlayLevel: No blueprints needed recompiling
[2019.05.05-20.49.28:367][645]PIE: New page: PIE session: FirstPersonExampleMap (May 5, 2019, 12:49:28 PM)
[2019.05.05-20.49.28:367][645]LogPlayLevel: Creating play world package: /Game/FirstPersonBP/Maps/UEDPIE_0_FirstPersonExampleMap
[2019.05.05-20.49.28:385][645]LogPlayLevel: PIE: StaticDuplicateObject took: (0.017996s)
[2019.05.05-20.49.28:386][645]LogAIModule: Creating AISystem for world FirstPersonExampleMap
[2019.05.05-20.49.28:386][645]LogPlayLevel: PIE: World Init took: (0.000837s)
[2019.05.05-20.49.28:386][645]LogPlayLevel: PIE: Created PIE world by copying editor world from /Game/FirstPersonBP/Maps/FirstPersonExampleMap.FirstPersonExampleMap to /Game/FirstPersonBP/Maps/UEDPIE_0_FirstPersonExampleMap.FirstPersonExampleMap (0.019048s)
[2019.05.05-20.49.28:430][645]LogUObjectHash: Compacting FUObjectHashTables data took   1.90ms
[2019.05.05-20.49.28:470][645]LogInit: XAudio2 using 'Speakers (Realtek High Definition Audio)' : 2 channels at 48 kHz using 32 bits per sample (channel mask 0x3)
[2019.05.05-20.49.28:492][645]LogInit: FAudioDevice initialized.
[2019.05.05-20.49.28:520][645]LogLoad: Game class is 'FirstPersonGameMode_C'
[2019.05.05-20.49.28:523][645]LogWorld: Bringing World /Game/FirstPersonBP/Maps/UEDPIE_0_FirstPersonExampleMap.FirstPersonExampleMap up for play (max tick rate 0) at 2019.05.05-16.49.28
[2019.05.05-20.49.28:524][645]LogWorld: Bringing up level for play took: 0.002776
[2019.05.05-20.49.28:537][645]PIE: Play in editor start time for /Game/FirstPersonBP/Maps/UEDPIE_0_FirstPersonExampleMap 0.171
[2019.05.05-20.49.28:537][645]LogBlueprintUserMessages: Late PlayInEditor Detection: Level '/Game/FirstPersonBP/Maps/FirstPersonExampleMap.FirstPersonExampleMap:PersistentLevel' has LevelScriptBlueprint '/Game/FirstPersonBP/Maps/FirstPersonExampleMap.FirstPersonExampleMap:PersistentLevel.FirstPersonExampleMap' with GeneratedClass '/Game/FirstPersonBP/Maps/FirstPersonExampleMap.FirstPersonExampleMap_C' with ClassGeneratedBy '/Game/FirstPersonBP/Maps/FirstPersonExampleMap.FirstPersonExampleMap:PersistentLevel.FirstPersonExampleMap'
[2019.05.05-20.50.07:506][447]LogCharacter: FirstPersonCharacter_C_1 is trying to crouch, but crouching is disabled on this character! (check CharacterMovement NavAgentSettings)
[2019.05.05-20.50.08:016][494]LogCharacter: FirstPersonCharacter_C_1 is trying to crouch, but crouching is disabled on this character! (check CharacterMovement NavAgentSettings)
[2019.05.05-20.50.08:217][513]LogCharacter: FirstPersonCharacter_C_1 is trying to crouch, but crouching is disabled on this character! (check CharacterMovement NavAgentSettings)
[2019.05.05-20.50.08:484][538]LogCharacter: FirstPersonCharacter_C_1 is trying to crouch, but crouching is disabled on this character! (check CharacterMovement NavAgentSettings)
[2019.05.05-20.50.08:694][558]LogCharacter: FirstPersonCharacter_C_1 is trying to crouch, but crouching is disabled on this character! (check CharacterMovement NavAgentSettings)
[2019.05.05-20.50.09:017][589]LogCharacter: FirstPersonCharacter_C_1 is trying to crouch, but crouching is disabled on this character! (check CharacterMovement NavAgentSettings)
[2019.05.05-20.50.09:772][662]LogCharacter: FirstPersonCharacter_C_1 is trying to crouch, but crouching is disabled on this character! (check CharacterMovement NavAgentSettings)
[2019.05.05-20.50.10:096][693]LogCharacter: FirstPersonCharacter_C_1 is trying to crouch, but crouching is disabled on this character! (check CharacterMovement NavAgentSettings)
[2019.05.05-20.50.11:480][827]LogCharacter: FirstPersonCharacter_C_1 is trying to crouch, but crouching is disabled on this character! (check CharacterMovement NavAgentSettings)
[2019.05.05-20.50.13:935][ 65]LogCharacter: FirstPersonCharacter_C_1 is trying to crouch, but crouching is disabled on this character! (check CharacterMovement NavAgentSettings)
[2019.05.05-20.50.17:076][370]LogCharacter: FirstPersonCharacter_C_1 is trying to crouch, but crouching is disabled on this character! (check CharacterMovement NavAgentSettings)
[2019.05.05-20.50.20:898][733]LogCharacter: FirstPersonCharacter_C_1 is trying to crouch, but crouching is disabled on this character! (check CharacterMovement NavAgentSettings)
[2019.05.05-20.50.21:834][822]LogCharacter: FirstPersonCharacter_C_1 is trying to crouch, but crouching is disabled on this character! (check CharacterMovement NavAgentSettings)
[2019.05.05-20.50.23:369][970]LogCharacter: FirstPersonCharacter_C_1 is trying to crouch, but crouching is disabled on this character! (check CharacterMovement NavAgentSettings)
[2019.05.05-20.50.24:547][ 91]LogCharacter: FirstPersonCharacter_C_1 is trying to crouch, but crouching is disabled on this character! (check CharacterMovement NavAgentSettings)
[2019.05.05-20.51.35:799][323]LogBlueprintUserMessages: Early EndPlayMap Detection: Level '/Game/FirstPersonBP/Maps/FirstPersonExampleMap.FirstPersonExampleMap:PersistentLevel' has LevelScriptBlueprint '/Game/FirstPersonBP/Maps/FirstPersonExampleMap.FirstPersonExampleMap:PersistentLevel.FirstPersonExampleMap' with GeneratedClass '/Game/FirstPersonBP/Maps/FirstPersonExampleMap.FirstPersonExampleMap_C' with ClassGeneratedBy '/Game/FirstPersonBP/Maps/FirstPersonExampleMap.FirstPersonExampleMap:PersistentLevel.FirstPersonExampleMap'
[2019.05.05-20.51.35:799][323]LogSlate: Updating window title bar state: overlay mode, drag disabled, window buttons hidden, title bar hidden
[2019.05.05-20.51.35:843][323]LogPlayLevel: Display: Shutting down PIE online subsystems
[2019.05.05-20.51.35:843][323]LogBlueprintUserMessages: Late EndPlayMap Detection: Level '/Game/FirstPersonBP/Maps/FirstPersonExampleMap.FirstPersonExampleMap:PersistentLevel' has LevelScriptBlueprint '/Game/FirstPersonBP/Maps/FirstPersonExampleMap.FirstPersonExampleMap:PersistentLevel.FirstPersonExampleMap' with GeneratedClass '/Game/FirstPersonBP/Maps/FirstPersonExampleMap.FirstPersonExampleMap_C' with ClassGeneratedBy '/Game/FirstPersonBP/Maps/FirstPersonExampleMap.FirstPersonExampleMap:PersistentLevel.FirstPersonExampleMap'
[2019.05.05-20.51.35:890][323]LogSlate: Updating window title bar state: overlay mode, drag disabled, window buttons hidden, title bar hidden
[2019.05.05-20.51.35:895][323]LogUObjectHash: Compacting FUObjectHashTables data took   1.88ms
[2019.05.05-20.51.35:922][324]LogPlayLevel: Display: Destroying online subsystem :Context_3
[2019.05.05-20.58.30:367][958]LogSlate: FSceneViewport::OnFocusLost() reason 0
